<testsuite name="search.Search" tests="1" errors="1" failures="0" skipped="0" time="5.144476" timestamp="2021-06-30T16:13:36.336162" hostname="GHBRLPE06KST0"><testcase classname="search.Search" name="Search Google" status="failed" time="5.144476"><error type="NotImplementedError" message="STEP: Then I should see the results">
<![CDATA[
Failing step: Then I should see the results ... failed in 0.000s
Location: features/search.feature:6
Traceback (most recent call last):
  File "/home/priscilla/.local/lib/python3.8/site-packages/behave/model.py", line 1329, in run
    match.run(runner.context)
  File "/home/priscilla/.local/lib/python3.8/site-packages/behave/matchers.py", line 98, in run
    self.func(context, *args, **kwargs)
  File "features/steps/homepage_steps.py", line 28, in get_results
    raise NotImplementedError(u'STEP: Then I should see the results')
NotImplementedError: STEP: Then I should see the results
]]>
</error><system-out>
<![CDATA[
@scenario.begin
  Scenario: Search Google
    Given I navigate to the Google Home page ... passed in 5.016s
    When I search for "blabla" ... passed in 0.128s
    Then I should see the results ... failed in 0.000s

@scenario.end
--------------------------------------------------------------------------------
]]>
</system-out></testcase></testsuite>